[2016-09-23 11:43:35] INFO  - GraphDBBFSSearcher#breadthFirstSearch:97 
job=cn.sinobest.policeunion.biz.gxwj.graph.search.service.impl.GraphDBBFSSearcher@647f84c9 ; limitLevel=3
[2016-09-23 11:46:57] TRACE - NodeRelationService#search:92 
dig sql:select * from B_ASJ_AJ t where 1=1  and (AJBH in ('A3500000000002011080001'))
[2016-09-23 11:46:57] TRACE - NodeRelationService#search:92 
dig sql:select * from B_YPGJ_YPKJ_AJBSHGX t where 1=1 and t.BSHLX = '001'  and (AJBH in ('A3500000000002011080001'))
[2016-09-23 11:46:57] INFO  - GraphDBBFSSearcher#breadthFirstSearch:97 
job=cn.sinobest.policeunion.biz.gxwj.graph.search.service.impl.GraphDBBFSSearcher@5532d584 ; limitLevel=3
[2016-09-23 11:46:57] TRACE - NodeRelationService#search:92 
dig sql:select * from B_ASJ_AJ t where 1=1  and (AJBH in ('A3500000000002011080001'))
[2016-09-23 11:46:57] TRACE - NodeRelationService#search:92 
dig sql:select * from B_YPGJ_YPKJ_AJBSHGX t where 1=1 and t.BSHLX = '001'  and (AJBH in ('A3500000000002011080001'))
[2016-09-23 11:46:57] INFO  - GraphDBBFSSearcher#breadthFirstSearch:97 
job=cn.sinobest.policeunion.biz.gxwj.graph.search.service.impl.GraphDBBFSSearcher@5532d584 ; limitLevel=2
[2016-09-23 11:46:57] TRACE - NodeRelationService#search:92 
dig sql:select * from T_WBZY_HK_PASSENGER_OUT t where 1=1  and (FOID in ('620103197809141011'))
[2016-09-23 11:46:57] TRACE - NodeRelationService#search:92 
dig sql:select * from T_WBZY_HK_PASSENGER_IN t where 1=1  and (FOID in ('620103197809141011'))
[2016-09-23 11:46:57] TRACE - NodeRelationService#search:92 
dig sql:select * from B_YPGJ_YPKJ_AJBSHGX t where 1=1 and t.BSHLX = '001'  and (BSHID in ('620103197809141011'))
[2016-09-23 11:46:57] INFO  - GraphDBBFSSearcher#breadthFirstSearch:97 
job=cn.sinobest.policeunion.biz.gxwj.graph.search.service.impl.GraphDBBFSSearcher@5532d584 ; limitLevel=1
[2016-09-23 11:46:57] TRACE - NodeRelationService#search:92 
dig sql:select * from T_WBZY_HK_PASSENGER_OUT t where 1=1  and (PHONE in ('13416291195','18520117227'))
[2016-09-23 11:46:57] TRACE - NodeRelationService#search:92 
dig sql:select * from T_WBZY_HK_PASSENGER_IN t where 1=1  and (PHONE in ('13416291195','18520117227'))
[2016-09-23 11:46:57] INFO  - GraphDBBFSSearcher#breadthFirstSearch:97 
job=cn.sinobest.policeunion.biz.gxwj.graph.search.service.impl.GraphDBBFSSearcher@5532d584 ; limitLevel=2
[2016-09-23 11:46:57] TRACE - NodeRelationService#search:92 
dig sql:select * from T_WBZY_HK_PASSENGER_IN t where 1=1  and (FOID in ('513031197602042777'))
[2016-09-23 11:46:57] TRACE - NodeRelationService#search:92 
dig sql:select * from T_WBZY_HK_PASSENGER_OUT t where 1=1  and (FOID in ('513031197602042777'))
[2016-09-23 11:46:57] TRACE - NodeRelationService#search:92 
dig sql:select * from B_YPGJ_YPKJ_AJBSHGX t where 1=1 and t.BSHLX = '001'  and (BSHID in ('513031197602042777'))
[2016-09-23 11:46:57] INFO  - GraphDBBFSSearcher#breadthFirstSearch:97 
job=cn.sinobest.policeunion.biz.gxwj.graph.search.service.impl.GraphDBBFSSearcher@5532d584 ; limitLevel=1
[2016-09-23 11:46:57] TRACE - NodeRelationService#search:92 
dig sql:select * from T_WBZY_HK_PASSENGER_OUT t where 1=1  and (PHONE in (''))
[2016-09-23 11:46:57] TRACE - NodeRelationService#search:92 
dig sql:select * from T_WBZY_HK_PASSENGER_IN t where 1=1  and (PHONE in (''))
[2016-09-23 11:48:26] TRACE - NodeRelationService#search:92 
dig sql:select * from B_ASJ_AJ t where 1=1  and (AJBH in ('A3500000000002011080001'))
[2016-09-23 11:48:26] TRACE - NodeRelationService#search:92 
dig sql:select * from B_YPGJ_YPKJ_AJBSHGX t where 1=1 and t.BSHLX = '001'  and (AJBH in ('A3500000000002011080001'))
[2016-09-23 11:48:27] INFO  - GraphDBBFSSearcher#breadthFirstSearch:97 
job=cn.sinobest.policeunion.biz.gxwj.graph.search.service.impl.GraphDBBFSSearcher@1d95b5ad ; limitLevel=3
[2016-09-23 11:48:27] TRACE - NodeRelationService#search:92 
dig sql:select * from B_YPGJ_YPKJ_AJBSHGX t where 1=1 and t.BSHLX = '001'  and (AJBH in ('A3500000000002011080001'))
[2016-09-23 11:48:27] TRACE - NodeRelationService#search:92 
dig sql:select * from B_ASJ_AJ t where 1=1  and (AJBH in ('A3500000000002011080001'))
[2016-09-23 11:48:27] INFO  - GraphDBBFSSearcher#breadthFirstSearch:97 
job=cn.sinobest.policeunion.biz.gxwj.graph.search.service.impl.GraphDBBFSSearcher@1d95b5ad ; limitLevel=2
[2016-09-23 11:48:27] TRACE - NodeRelationService#search:92 
dig sql:select * from T_WBZY_HK_PASSENGER_OUT t where 1=1  and (FOID in ('620103197809141011'))
[2016-09-23 11:48:27] TRACE - NodeRelationService#search:92 
dig sql:select * from T_WBZY_HK_PASSENGER_IN t where 1=1  and (FOID in ('620103197809141011'))
[2016-09-23 11:48:27] TRACE - NodeRelationService#search:92 
dig sql:select * from B_YPGJ_YPKJ_AJBSHGX t where 1=1 and t.BSHLX = '001'  and (BSHID in ('620103197809141011'))
[2016-09-23 11:48:27] INFO  - GraphDBBFSSearcher#breadthFirstSearch:97 
job=cn.sinobest.policeunion.biz.gxwj.graph.search.service.impl.GraphDBBFSSearcher@1d95b5ad ; limitLevel=1
[2016-09-23 11:48:27] TRACE - NodeRelationService#search:92 
dig sql:select * from T_WBZY_HK_PASSENGER_OUT t where 1=1  and (PHONE in ('18520117227'))
[2016-09-23 11:48:27] TRACE - NodeRelationService#search:92 
dig sql:select * from T_WBZY_HK_PASSENGER_IN t where 1=1  and (PHONE in ('18520117227'))
[2016-09-23 11:48:27] INFO  - GraphDBBFSSearcher#breadthFirstSearch:97 
job=cn.sinobest.policeunion.biz.gxwj.graph.search.service.impl.GraphDBBFSSearcher@1d95b5ad ; limitLevel=1
[2016-09-23 11:48:27] TRACE - NodeRelationService#search:92 
dig sql:select * from T_WBZY_HK_PASSENGER_OUT t where 1=1  and (PHONE in ('13416291195'))
[2016-09-23 11:48:27] TRACE - NodeRelationService#search:92 
dig sql:select * from T_WBZY_HK_PASSENGER_IN t where 1=1  and (PHONE in ('13416291195'))
[2016-09-23 11:48:27] INFO  - GraphDBBFSSearcher#breadthFirstSearch:97 
job=cn.sinobest.policeunion.biz.gxwj.graph.search.service.impl.GraphDBBFSSearcher@1d95b5ad ; limitLevel=2
[2016-09-23 11:48:27] TRACE - NodeRelationService#search:92 
dig sql:select * from T_WBZY_HK_PASSENGER_OUT t where 1=1  and (FOID in ('513031197602042777'))
[2016-09-23 11:48:27] TRACE - NodeRelationService#search:92 
dig sql:select * from T_WBZY_HK_PASSENGER_IN t where 1=1  and (FOID in ('513031197602042777'))
[2016-09-23 11:48:27] TRACE - NodeRelationService#search:92 
dig sql:select * from B_YPGJ_YPKJ_AJBSHGX t where 1=1 and t.BSHLX = '001'  and (BSHID in ('513031197602042777'))
[2016-09-23 11:48:27] INFO  - GraphDBBFSSearcher#breadthFirstSearch:97 
job=cn.sinobest.policeunion.biz.gxwj.graph.search.service.impl.GraphDBBFSSearcher@1d95b5ad ; limitLevel=1
[2016-09-23 11:48:27] TRACE - NodeRelationService#search:92 
dig sql:select * from T_WBZY_HK_PASSENGER_OUT t where 1=1  and (PHONE in (''))
[2016-09-23 11:48:27] TRACE - NodeRelationService#search:92 
dig sql:select * from T_WBZY_HK_PASSENGER_IN t where 1=1  and (PHONE in (''))
[2016-09-23 11:50:18] TRACE - NodeRelationService#search:92 
dig sql:select * from B_ASJ_AJ t where 1=1  and (AJBH in ('A3500000000002011080001'))
[2016-09-23 11:50:18] TRACE - NodeRelationService#search:92 
dig sql:select * from B_YPGJ_YPKJ_AJBSHGX t where 1=1 and t.BSHLX = '001'  and (AJBH in ('A3500000000002011080001'))
[2016-09-23 11:50:18] INFO  - GraphDBBFSSearcher#breadthFirstSearch:97 
job=cn.sinobest.policeunion.biz.gxwj.graph.search.service.impl.GraphDBBFSSearcher@44eedabc ; limitLevel=3
[2016-09-23 11:50:18] TRACE - NodeRelationService#search:92 
dig sql:select * from B_YPGJ_YPKJ_AJBSHGX t where 1=1 and t.BSHLX = '001'  and (AJBH in ('A3500000000002011080001'))
[2016-09-23 11:50:18] TRACE - NodeRelationService#search:92 
dig sql:select * from B_ASJ_AJ t where 1=1  and (AJBH in ('A3500000000002011080001'))
[2016-09-23 11:50:18] INFO  - GraphDBBFSSearcher#breadthFirstSearch:97 
job=cn.sinobest.policeunion.biz.gxwj.graph.search.service.impl.GraphDBBFSSearcher@44eedabc ; limitLevel=2
[2016-09-23 11:50:18] TRACE - NodeRelationService#search:92 
dig sql:select * from T_WBZY_HK_PASSENGER_OUT t where 1=1  and (FOID in ('620103197809141011'))
[2016-09-23 11:50:18] TRACE - NodeRelationService#search:92 
dig sql:select * from T_WBZY_HK_PASSENGER_IN t where 1=1  and (FOID in ('620103197809141011'))
[2016-09-23 11:50:18] TRACE - NodeRelationService#search:92 
dig sql:select * from B_YPGJ_YPKJ_AJBSHGX t where 1=1 and t.BSHLX = '001'  and (BSHID in ('620103197809141011'))
[2016-09-23 11:50:18] INFO  - GraphDBBFSSearcher#breadthFirstSearch:97 
job=cn.sinobest.policeunion.biz.gxwj.graph.search.service.impl.GraphDBBFSSearcher@44eedabc ; limitLevel=1
[2016-09-23 11:50:18] TRACE - NodeRelationService#search:92 
dig sql:select * from T_WBZY_HK_PASSENGER_OUT t where 1=1  and (PHONE in ('13416291195','18520117227'))
[2016-09-23 11:50:18] TRACE - NodeRelationService#search:92 
dig sql:select * from T_WBZY_HK_PASSENGER_IN t where 1=1  and (PHONE in ('13416291195','18520117227'))
[2016-09-23 11:50:18] INFO  - GraphDBBFSSearcher#breadthFirstSearch:97 
job=cn.sinobest.policeunion.biz.gxwj.graph.search.service.impl.GraphDBBFSSearcher@44eedabc ; limitLevel=2
[2016-09-23 11:50:18] TRACE - NodeRelationService#search:92 
dig sql:select * from T_WBZY_HK_PASSENGER_OUT t where 1=1  and (FOID in ('513031197602042777'))
[2016-09-23 11:50:18] TRACE - NodeRelationService#search:92 
dig sql:select * from B_YPGJ_YPKJ_AJBSHGX t where 1=1 and t.BSHLX = '001'  and (BSHID in ('513031197602042777'))
[2016-09-23 11:50:18] TRACE - NodeRelationService#search:92 
dig sql:select * from T_WBZY_HK_PASSENGER_IN t where 1=1  and (FOID in ('513031197602042777'))
[2016-09-23 11:50:18] INFO  - GraphDBBFSSearcher#breadthFirstSearch:97 
job=cn.sinobest.policeunion.biz.gxwj.graph.search.service.impl.GraphDBBFSSearcher@44eedabc ; limitLevel=1
[2016-09-23 11:50:18] TRACE - NodeRelationService#search:92 
dig sql:select * from T_WBZY_HK_PASSENGER_OUT t where 1=1  and (PHONE in (''))
[2016-09-23 11:50:18] TRACE - NodeRelationService#search:92 
dig sql:select * from T_WBZY_HK_PASSENGER_IN t where 1=1  and (PHONE in (''))
[2016-09-23 11:53:32] TRACE - NodeRelationService#search:92 
dig sql:select * from B_ASJ_AJ t where 1=1  and (AJBH in ('A3500000000002011080001'))
[2016-09-23 11:53:32] TRACE - NodeRelationService#search:92 
dig sql:select * from B_YPGJ_YPKJ_AJBSHGX t where 1=1 and t.BSHLX = '001'  and (AJBH in ('A3500000000002011080001'))
[2016-09-23 11:53:32] INFO  - GraphDBBFSSearcher#breadthFirstSearch:97 
job=cn.sinobest.policeunion.biz.gxwj.graph.search.service.impl.GraphDBBFSSearcher@8ba6621 ; limitLevel=3
[2016-09-23 11:53:32] TRACE - NodeRelationService#search:92 
dig sql:select * from B_ASJ_AJ t where 1=1  and (AJBH in ('A3500000000002011080001'))
[2016-09-23 11:53:32] TRACE - NodeRelationService#search:92 
dig sql:select * from B_YPGJ_YPKJ_AJBSHGX t where 1=1 and t.BSHLX = '001'  and (AJBH in ('A3500000000002011080001'))
[2016-09-23 11:53:32] INFO  - GraphDBBFSSearcher#breadthFirstSearch:97 
job=cn.sinobest.policeunion.biz.gxwj.graph.search.service.impl.GraphDBBFSSearcher@8ba6621 ; limitLevel=2
[2016-09-23 11:53:32] TRACE - NodeRelationService#search:92 
dig sql:select * from T_WBZY_HK_PASSENGER_OUT t where 1=1  and (FOID in ('620103197809141011'))
[2016-09-23 11:53:32] TRACE - NodeRelationService#search:92 
dig sql:select * from T_WBZY_HK_PASSENGER_IN t where 1=1  and (FOID in ('620103197809141011'))
[2016-09-23 11:53:32] TRACE - NodeRelationService#search:92 
dig sql:select * from B_YPGJ_YPKJ_AJBSHGX t where 1=1 and t.BSHLX = '001'  and (BSHID in ('620103197809141011'))
[2016-09-23 11:53:32] INFO  - GraphDBBFSSearcher#breadthFirstSearch:97 
job=cn.sinobest.policeunion.biz.gxwj.graph.search.service.impl.GraphDBBFSSearcher@8ba6621 ; limitLevel=1
[2016-09-23 11:53:32] TRACE - NodeRelationService#search:92 
dig sql:select * from T_WBZY_HK_PASSENGER_IN t where 1=1  and (PHONE in ('18520117227'))
[2016-09-23 11:53:32] TRACE - NodeRelationService#search:92 
dig sql:select * from T_WBZY_HK_PASSENGER_OUT t where 1=1  and (PHONE in ('18520117227'))
[2016-09-23 11:53:32] INFO  - GraphDBBFSSearcher#breadthFirstSearch:97 
job=cn.sinobest.policeunion.biz.gxwj.graph.search.service.impl.GraphDBBFSSearcher@8ba6621 ; limitLevel=0
[2016-09-23 11:55:16] TRACE - NodeRelationService#search:92 
dig sql:select * from B_YPGJ_YPKJ_AJBSHGX t where 1=1 and t.BSHLX = '001'  and (AJBH in ('A3500000000002011080001'))
[2016-09-23 11:55:16] TRACE - NodeRelationService#search:92 
dig sql:select * from B_ASJ_AJ t where 1=1  and (AJBH in ('A3500000000002011080001'))
[2016-09-23 11:55:16] INFO  - GraphDBBFSSearcher#breadthFirstSearch:97 
job=cn.sinobest.policeunion.biz.gxwj.graph.search.service.impl.GraphDBBFSSearcher@5ffa6e43 ; limitLevel=3
[2016-09-23 11:55:16] TRACE - NodeRelationService#search:92 
dig sql:select * from B_ASJ_AJ t where 1=1  and (AJBH in ('A3500000000002011080001'))
[2016-09-23 11:55:16] TRACE - NodeRelationService#search:92 
dig sql:select * from B_YPGJ_YPKJ_AJBSHGX t where 1=1 and t.BSHLX = '001'  and (AJBH in ('A3500000000002011080001'))
[2016-09-23 11:55:16] INFO  - GraphDBBFSSearcher#breadthFirstSearch:97 
job=cn.sinobest.policeunion.biz.gxwj.graph.search.service.impl.GraphDBBFSSearcher@5ffa6e43 ; limitLevel=2
[2016-09-23 11:55:16] TRACE - NodeRelationService#search:92 
dig sql:select * from T_WBZY_HK_PASSENGER_IN t where 1=1  and (FOID in ('620103197809141011'))
[2016-09-23 11:55:16] TRACE - NodeRelationService#search:92 
dig sql:select * from B_YPGJ_YPKJ_AJBSHGX t where 1=1 and t.BSHLX = '001'  and (BSHID in ('620103197809141011'))
[2016-09-23 11:55:16] TRACE - NodeRelationService#search:92 
dig sql:select * from T_WBZY_HK_PASSENGER_OUT t where 1=1  and (FOID in ('620103197809141011'))
[2016-09-23 11:55:16] INFO  - GraphDBBFSSearcher#breadthFirstSearch:97 
job=cn.sinobest.policeunion.biz.gxwj.graph.search.service.impl.GraphDBBFSSearcher@5ffa6e43 ; limitLevel=1
[2016-09-23 11:55:16] TRACE - NodeRelationService#search:92 
dig sql:select * from T_WBZY_HK_PASSENGER_OUT t where 1=1  and (PHONE in ('13416291195','18520117227'))
[2016-09-23 11:55:16] TRACE - NodeRelationService#search:92 
dig sql:select * from T_WBZY_HK_PASSENGER_IN t where 1=1  and (PHONE in ('13416291195','18520117227'))
[2016-09-23 11:55:16] INFO  - GraphDBBFSSearcher#breadthFirstSearch:97 
job=cn.sinobest.policeunion.biz.gxwj.graph.search.service.impl.GraphDBBFSSearcher@5ffa6e43 ; limitLevel=2
[2016-09-23 11:55:16] TRACE - NodeRelationService#search:92 
dig sql:select * from T_WBZY_HK_PASSENGER_IN t where 1=1  and (FOID in ('513031197602042777'))
[2016-09-23 11:55:16] TRACE - NodeRelationService#search:92 
dig sql:select * from T_WBZY_HK_PASSENGER_OUT t where 1=1  and (FOID in ('513031197602042777'))
[2016-09-23 11:55:16] TRACE - NodeRelationService#search:92 
dig sql:select * from B_YPGJ_YPKJ_AJBSHGX t where 1=1 and t.BSHLX = '001'  and (BSHID in ('513031197602042777'))
[2016-09-23 11:55:16] INFO  - GraphDBBFSSearcher#breadthFirstSearch:97 
job=cn.sinobest.policeunion.biz.gxwj.graph.search.service.impl.GraphDBBFSSearcher@5ffa6e43 ; limitLevel=1
[2016-09-23 11:55:16] TRACE - NodeRelationService#search:92 
dig sql:select * from T_WBZY_HK_PASSENGER_IN t where 1=1  and (PHONE in (''))
[2016-09-23 11:55:16] TRACE - NodeRelationService#search:92 
dig sql:select * from T_WBZY_HK_PASSENGER_OUT t where 1=1  and (PHONE in (''))
[2016-09-23 11:58:07] TRACE - NodeRelationService#search:92 
dig sql:select * from B_YPGJ_YPKJ_AJBSHGX t where 1=1 and t.BSHLX = '001'  and (AJBH in ('A3500000000002011080001'))
[2016-09-23 11:58:07] TRACE - NodeRelationService#search:92 
dig sql:select * from B_ASJ_AJ t where 1=1  and (AJBH in ('A3500000000002011080001'))
[2016-09-23 11:58:07] INFO  - GraphDBBFSSearcher#breadthFirstSearch:97 
job=cn.sinobest.policeunion.biz.gxwj.graph.search.service.impl.GraphDBBFSSearcher@5263cbef ; limitLevel=3
[2016-09-23 11:58:07] TRACE - NodeRelationService#search:92 
dig sql:select * from B_YPGJ_YPKJ_AJBSHGX t where 1=1 and t.BSHLX = '001'  and (AJBH in ('A3500000000002011080001'))
[2016-09-23 11:58:07] TRACE - NodeRelationService#search:92 
dig sql:select * from B_ASJ_AJ t where 1=1  and (AJBH in ('A3500000000002011080001'))
[2016-09-23 11:58:07] INFO  - GraphDBBFSSearcher#breadthFirstSearch:97 
job=cn.sinobest.policeunion.biz.gxwj.graph.search.service.impl.GraphDBBFSSearcher@5263cbef ; limitLevel=2
[2016-09-23 11:58:07] TRACE - NodeRelationService#search:92 
dig sql:select * from T_WBZY_HK_PASSENGER_IN t where 1=1  and (FOID in ('620103197809141011'))
[2016-09-23 11:58:07] TRACE - NodeRelationService#search:92 
dig sql:select * from B_YPGJ_YPKJ_AJBSHGX t where 1=1 and t.BSHLX = '001'  and (BSHID in ('620103197809141011'))
[2016-09-23 11:58:07] TRACE - NodeRelationService#search:92 
dig sql:select * from T_WBZY_HK_PASSENGER_OUT t where 1=1  and (FOID in ('620103197809141011'))
[2016-09-23 11:58:07] INFO  - GraphDBBFSSearcher#breadthFirstSearch:97 
job=cn.sinobest.policeunion.biz.gxwj.graph.search.service.impl.GraphDBBFSSearcher@5263cbef ; limitLevel=1
[2016-09-23 11:58:07] TRACE - NodeRelationService#search:92 
dig sql:select * from T_WBZY_HK_PASSENGER_OUT t where 1=1  and (PHONE in ('13416291195','18520117227'))
[2016-09-23 11:58:07] TRACE - NodeRelationService#search:92 
dig sql:select * from T_WBZY_HK_PASSENGER_IN t where 1=1  and (PHONE in ('13416291195','18520117227'))
[2016-09-23 11:58:07] INFO  - GraphDBBFSSearcher#breadthFirstSearch:97 
job=cn.sinobest.policeunion.biz.gxwj.graph.search.service.impl.GraphDBBFSSearcher@5263cbef ; limitLevel=1
[2016-09-23 11:58:07] TRACE - NodeRelationService#search:92 
dig sql:select * from T_WBZY_HK_PASSENGER_IN t where 1=1  and (FOID in ('513031197602042777'))
[2016-09-23 11:58:07] TRACE - NodeRelationService#search:92 
dig sql:select * from T_WBZY_HK_PASSENGER_OUT t where 1=1  and (FOID in ('513031197602042777'))
[2016-09-23 11:58:07] TRACE - NodeRelationService#search:92 
dig sql:select * from B_YPGJ_YPKJ_AJBSHGX t where 1=1 and t.BSHLX = '001'  and (BSHID in ('513031197602042777'))
[2016-09-23 11:58:07] INFO  - GraphDBBFSSearcher#breadthFirstSearch:97 
job=cn.sinobest.policeunion.biz.gxwj.graph.search.service.impl.GraphDBBFSSearcher@5263cbef ; limitLevel=2
[2016-09-23 11:58:07] TRACE - NodeRelationService#search:92 
dig sql:select * from T_WBZY_HK_PASSENGER_OUT t where 1=1  and (PHONE in (''))
[2016-09-23 11:58:07] TRACE - NodeRelationService#search:92 
dig sql:select * from T_WBZY_HK_PASSENGER_IN t where 1=1  and (PHONE in (''))
[2016-09-23 13:37:38] TRACE - NodeRelationService#search:92 
dig sql:select * from B_ASJ_AJ t where 1=1  and (AJBH in ('A3500000000002011080001'))
[2016-09-23 13:37:38] TRACE - NodeRelationService#search:92 
dig sql:select * from B_YPGJ_YPKJ_AJBSHGX t where 1=1 and t.BSHLX = '001'  and (AJBH in ('A3500000000002011080001'))
[2016-09-23 13:37:38] INFO  - GraphDBBFSSearcher#breadthFirstSearch:97 
job=cn.sinobest.policeunion.biz.gxwj.graph.search.service.impl.GraphDBBFSSearcher@408057d3 ; limitLevel=3
[2016-09-23 13:37:38] TRACE - NodeRelationService#search:92 
dig sql:select * from B_YPGJ_YPKJ_AJBSHGX t where 1=1 and t.BSHLX = '001'  and (AJBH in ('A3500000000002011080001'))
[2016-09-23 13:37:38] TRACE - NodeRelationService#search:92 
dig sql:select * from B_ASJ_AJ t where 1=1  and (AJBH in ('A3500000000002011080001'))
[2016-09-23 13:37:38] INFO  - GraphDBBFSSearcher#breadthFirstSearch:97 
job=cn.sinobest.policeunion.biz.gxwj.graph.search.service.impl.GraphDBBFSSearcher@408057d3 ; limitLevel=2
[2016-09-23 13:37:38] TRACE - NodeRelationService#search:92 
dig sql:select * from T_WBZY_HK_PASSENGER_OUT t where 1=1  and (FOID in ('620103197809141011'))
[2016-09-23 13:37:38] TRACE - NodeRelationService#search:92 
dig sql:select * from T_WBZY_HK_PASSENGER_IN t where 1=1  and (FOID in ('620103197809141011'))
[2016-09-23 13:37:38] TRACE - NodeRelationService#search:92 
dig sql:select * from B_YPGJ_YPKJ_AJBSHGX t where 1=1 and t.BSHLX = '001'  and (BSHID in ('620103197809141011'))
[2016-09-23 13:37:38] INFO  - GraphDBBFSSearcher#breadthFirstSearch:97 
job=cn.sinobest.policeunion.biz.gxwj.graph.search.service.impl.GraphDBBFSSearcher@408057d3 ; limitLevel=1
[2016-09-23 13:37:38] INFO  - GraphDBBFSSearcher#breadthFirstSearch:97 
job=cn.sinobest.policeunion.biz.gxwj.graph.search.service.impl.GraphDBBFSSearcher@408057d3 ; limitLevel=0
[2016-09-23 13:37:38] TRACE - NodeRelationService#search:92 
dig sql:select * from T_WBZY_HK_PASSENGER_OUT t where 1=1  and (PHONE in ('13416291195','18520117227'))
[2016-09-23 13:37:38] TRACE - NodeRelationService#search:92 
dig sql:select * from T_WBZY_HK_PASSENGER_IN t where 1=1  and (PHONE in ('13416291195','18520117227'))
[2016-09-23 13:37:38] INFO  - GraphDBBFSSearcher#breadthFirstSearch:97 
job=cn.sinobest.policeunion.biz.gxwj.graph.search.service.impl.GraphDBBFSSearcher@408057d3 ; limitLevel=2
[2016-09-23 13:37:38] TRACE - NodeRelationService#search:92 
dig sql:select * from T_WBZY_HK_PASSENGER_IN t where 1=1  and (FOID in ('513031197602042777'))
[2016-09-23 13:37:38] TRACE - NodeRelationService#search:92 
dig sql:select * from T_WBZY_HK_PASSENGER_OUT t where 1=1  and (FOID in ('513031197602042777'))
[2016-09-23 13:37:38] TRACE - NodeRelationService#search:92 
dig sql:select * from B_YPGJ_YPKJ_AJBSHGX t where 1=1 and t.BSHLX = '001'  and (BSHID in ('513031197602042777'))
[2016-09-23 13:37:38] INFO  - GraphDBBFSSearcher#breadthFirstSearch:97 
job=cn.sinobest.policeunion.biz.gxwj.graph.search.service.impl.GraphDBBFSSearcher@408057d3 ; limitLevel=1
[2016-09-23 13:37:38] TRACE - NodeRelationService#search:92 
dig sql:select * from T_WBZY_HK_PASSENGER_OUT t where 1=1  and (PHONE in (''))
[2016-09-23 13:37:38] TRACE - NodeRelationService#search:92 
dig sql:select * from T_WBZY_HK_PASSENGER_IN t where 1=1  and (PHONE in (''))
[2016-09-23 13:40:42] TRACE - NodeRelationService#search:92 
dig sql:select * from B_ASJ_AJ t where 1=1  and (AJBH in ('A3500000000002011080001'))
[2016-09-23 13:40:42] TRACE - NodeRelationService#search:92 
dig sql:select * from B_YPGJ_YPKJ_AJBSHGX t where 1=1 and t.BSHLX = '001'  and (AJBH in ('A3500000000002011080001'))
[2016-09-23 13:40:42] INFO  - GraphDBBFSSearcher#breadthFirstSearch:97 
job=cn.sinobest.policeunion.biz.gxwj.graph.search.service.impl.GraphDBBFSSearcher@2374b423 ; limitLevel=3
[2016-09-23 13:40:42] TRACE - NodeRelationService#search:92 
dig sql:select * from B_YPGJ_YPKJ_AJBSHGX t where 1=1 and t.BSHLX = '001'  and (AJBH in ('A3500000000002011080001'))
[2016-09-23 13:40:42] TRACE - NodeRelationService#search:92 
dig sql:select * from B_ASJ_AJ t where 1=1  and (AJBH in ('A3500000000002011080001'))
[2016-09-23 13:40:42] INFO  - GraphDBBFSSearcher#breadthFirstSearch:97 
job=cn.sinobest.policeunion.biz.gxwj.graph.search.service.impl.GraphDBBFSSearcher@2374b423 ; limitLevel=2
[2016-09-23 13:40:42] TRACE - NodeRelationService#search:92 
dig sql:select * from B_YPGJ_YPKJ_AJBSHGX t where 1=1 and t.BSHLX = '001'  and (BSHID in ('620103197809141011'))
[2016-09-23 13:40:42] TRACE - NodeRelationService#search:92 
dig sql:select * from T_WBZY_HK_PASSENGER_OUT t where 1=1  and (FOID in ('620103197809141011'))
[2016-09-23 13:40:42] TRACE - NodeRelationService#search:92 
dig sql:select * from T_WBZY_HK_PASSENGER_IN t where 1=1  and (FOID in ('620103197809141011'))
[2016-09-23 13:40:42] INFO  - GraphDBBFSSearcher#breadthFirstSearch:97 
job=cn.sinobest.policeunion.biz.gxwj.graph.search.service.impl.GraphDBBFSSearcher@2374b423 ; limitLevel=1
[2016-09-23 13:40:42] TRACE - NodeRelationService#search:92 
dig sql:select * from T_WBZY_HK_PASSENGER_IN t where 1=1  and (PHONE in ('13416291195','18520117227'))
[2016-09-23 13:40:42] TRACE - NodeRelationService#search:92 
dig sql:select * from T_WBZY_HK_PASSENGER_OUT t where 1=1  and (PHONE in ('13416291195','18520117227'))
[2016-09-23 13:40:42] INFO  - GraphDBBFSSearcher#breadthFirstSearch:97 
job=cn.sinobest.policeunion.biz.gxwj.graph.search.service.impl.GraphDBBFSSearcher@2374b423 ; limitLevel=2
[2016-09-23 13:40:42] TRACE - NodeRelationService#search:92 
dig sql:select * from T_WBZY_HK_PASSENGER_IN t where 1=1  and (FOID in ('513031197602042777'))
[2016-09-23 13:40:42] TRACE - NodeRelationService#search:92 
dig sql:select * from B_YPGJ_YPKJ_AJBSHGX t where 1=1 and t.BSHLX = '001'  and (BSHID in ('513031197602042777'))
[2016-09-23 13:40:42] TRACE - NodeRelationService#search:92 
dig sql:select * from T_WBZY_HK_PASSENGER_OUT t where 1=1  and (FOID in ('513031197602042777'))
[2016-09-23 13:40:42] INFO  - GraphDBBFSSearcher#breadthFirstSearch:97 
job=cn.sinobest.policeunion.biz.gxwj.graph.search.service.impl.GraphDBBFSSearcher@2374b423 ; limitLevel=1
[2016-09-23 13:40:42] TRACE - NodeRelationService#search:92 
dig sql:select * from T_WBZY_HK_PASSENGER_IN t where 1=1  and (PHONE in (''))
[2016-09-23 13:40:42] TRACE - NodeRelationService#search:92 
dig sql:select * from T_WBZY_HK_PASSENGER_OUT t where 1=1  and (PHONE in (''))
[2016-09-23 13:50:11] TRACE - NodeRelationService#search:92 
dig sql:select * from T_WBZY_HK_PASSENGER_IN t where 1=1  and (FOID in ('620103197809141011'))
[2016-09-23 13:50:11] TRACE - NodeRelationService#search:92 
dig sql:select * from B_YPGJ_YPKJ_AJBSHGX t where 1=1 and t.BSHLX = '001'  and (BSHID in ('620103197809141011'))
[2016-09-23 13:50:11] TRACE - NodeRelationService#search:92 
dig sql:select * from T_WBZY_HK_PASSENGER_OUT t where 1=1  and (FOID in ('620103197809141011'))
[2016-09-23 13:50:11] INFO  - GraphDBBFSSearcher#breadthFirstSearch:97 
job=cn.sinobest.policeunion.biz.gxwj.graph.search.service.impl.GraphDBBFSSearcher@4f7bb842 ; limitLevel=3
[2016-09-23 13:50:11] TRACE - NodeRelationService#search:92 
dig sql:select * from T_WBZY_HK_PASSENGER_OUT t where 1=1  and (FOID in ('620103197809141011'))
[2016-09-23 13:50:11] TRACE - NodeRelationService#search:92 
dig sql:select * from T_WBZY_HK_PASSENGER_IN t where 1=1  and (FOID in ('620103197809141011'))
[2016-09-23 13:50:11] TRACE - NodeRelationService#search:92 
dig sql:select * from B_YPGJ_YPKJ_AJBSHGX t where 1=1 and t.BSHLX = '001'  and (BSHID in ('620103197809141011'))
[2016-09-23 13:50:11] INFO  - GraphDBBFSSearcher#breadthFirstSearch:97 
job=cn.sinobest.policeunion.biz.gxwj.graph.search.service.impl.GraphDBBFSSearcher@4f7bb842 ; limitLevel=2
[2016-09-23 13:50:11] TRACE - NodeRelationService#search:92 
dig sql:select * from T_WBZY_HK_PASSENGER_IN t where 1=1  and (PHONE in ('18520117227'))
[2016-09-23 13:50:11] TRACE - NodeRelationService#search:92 
dig sql:select * from T_WBZY_HK_PASSENGER_OUT t where 1=1  and (PHONE in ('18520117227'))
[2016-09-23 13:50:11] INFO  - GraphDBBFSSearcher#breadthFirstSearch:97 
job=cn.sinobest.policeunion.biz.gxwj.graph.search.service.impl.GraphDBBFSSearcher@4f7bb842 ; limitLevel=1
[2016-09-23 13:50:11] TRACE - NodeRelationService#search:92 
dig sql:select * from B_YPGJ_YPKJ_AJBSHGX t where 1=1 and t.BSHLX = '001'  and (AJBH in ('A3500000000002011080001'))
[2016-09-23 13:50:11] TRACE - NodeRelationService#search:92 
dig sql:select * from B_ASJ_AJ t where 1=1  and (AJBH in ('A3500000000002011080001'))
[2016-09-23 13:50:11] INFO  - GraphDBBFSSearcher#breadthFirstSearch:97 
job=cn.sinobest.policeunion.biz.gxwj.graph.search.service.impl.GraphDBBFSSearcher@4f7bb842 ; limitLevel=2
[2016-09-23 13:50:11] TRACE - NodeRelationService#search:92 
dig sql:select * from T_WBZY_HK_PASSENGER_IN t where 1=1  and (PHONE in ('13416291195'))
[2016-09-23 13:50:11] TRACE - NodeRelationService#search:92 
dig sql:select * from T_WBZY_HK_PASSENGER_OUT t where 1=1  and (PHONE in ('13416291195'))
[2016-09-23 13:50:11] INFO  - GraphDBBFSSearcher#breadthFirstSearch:97 
job=cn.sinobest.policeunion.biz.gxwj.graph.search.service.impl.GraphDBBFSSearcher@4f7bb842 ; limitLevel=1
[2016-09-23 13:50:11] TRACE - NodeRelationService#search:92 
dig sql:select * from T_WBZY_HK_PASSENGER_OUT t where 1=1  and (FOID in ('513031197602042777'))
[2016-09-23 13:50:11] TRACE - NodeRelationService#search:92 
dig sql:select * from T_WBZY_HK_PASSENGER_IN t where 1=1  and (FOID in ('513031197602042777'))
[2016-09-23 13:50:11] TRACE - NodeRelationService#search:92 
dig sql:select * from B_YPGJ_YPKJ_AJBSHGX t where 1=1 and t.BSHLX = '001'  and (BSHID in ('513031197602042777'))
[2016-09-23 13:50:11] INFO  - GraphDBBFSSearcher#breadthFirstSearch:97 
job=cn.sinobest.policeunion.biz.gxwj.graph.search.service.impl.GraphDBBFSSearcher@4f7bb842 ; limitLevel=0
[2016-09-23 13:53:11] TRACE - NodeRelationService#search:92 
dig sql:select * from B_YPGJ_YPKJ_AJBSHGX t where 1=1 and t.BSHLX = '001'  and (BSHID in ('620103197809141011'))
[2016-09-23 13:53:11] TRACE - NodeRelationService#search:92 
dig sql:select * from T_WBZY_HK_PASSENGER_OUT t where 1=1  and (FOID in ('620103197809141011'))
[2016-09-23 13:53:11] TRACE - NodeRelationService#search:92 
dig sql:select * from T_WBZY_HK_PASSENGER_IN t where 1=1  and (FOID in ('620103197809141011'))
[2016-09-23 13:53:11] INFO  - GraphDBBFSSearcher#breadthFirstSearch:97 
job=cn.sinobest.policeunion.biz.gxwj.graph.search.service.impl.GraphDBBFSSearcher@586fb16d ; limitLevel=3
[2016-09-23 13:53:11] TRACE - NodeRelationService#search:92 
dig sql:select * from T_WBZY_HK_PASSENGER_IN t where 1=1  and (FOID in ('620103197809141011'))
[2016-09-23 13:53:11] TRACE - NodeRelationService#search:92 
dig sql:select * from B_YPGJ_YPKJ_AJBSHGX t where 1=1 and t.BSHLX = '001'  and (BSHID in ('620103197809141011'))
[2016-09-23 13:53:11] TRACE - NodeRelationService#search:92 
dig sql:select * from T_WBZY_HK_PASSENGER_OUT t where 1=1  and (FOID in ('620103197809141011'))
[2016-09-23 13:53:11] INFO  - GraphDBBFSSearcher#breadthFirstSearch:97 
job=cn.sinobest.policeunion.biz.gxwj.graph.search.service.impl.GraphDBBFSSearcher@586fb16d ; limitLevel=2
[2016-09-23 13:53:11] TRACE - NodeRelationService#search:92 
dig sql:select * from B_ASJ_AJ t where 1=1  and (AJBH in ('A3500000000002011080001'))
[2016-09-23 13:53:11] INFO  - GraphDBBFSSearcher#breadthFirstSearch:97 
job=cn.sinobest.policeunion.biz.gxwj.graph.search.service.impl.GraphDBBFSSearcher@586fb16d ; limitLevel=1
[2016-09-23 13:53:11] TRACE - NodeRelationService#search:92 
dig sql:select * from B_YPGJ_YPKJ_AJBSHGX t where 1=1 and t.BSHLX = '001'  and (AJBH in ('A3500000000002011080001'))
[2016-09-23 13:53:11] TRACE - NodeRelationService#search:92 
dig sql:select * from T_WBZY_HK_PASSENGER_IN t where 1=1  and (PHONE in ('18520117227'))
[2016-09-23 13:53:11] TRACE - NodeRelationService#search:92 
dig sql:select * from T_WBZY_HK_PASSENGER_OUT t where 1=1  and (PHONE in ('18520117227'))
[2016-09-23 13:53:11] INFO  - GraphDBBFSSearcher#breadthFirstSearch:97 
job=cn.sinobest.policeunion.biz.gxwj.graph.search.service.impl.GraphDBBFSSearcher@586fb16d ; limitLevel=2
[2016-09-23 13:53:11] TRACE - NodeRelationService#search:92 
dig sql:select * from T_WBZY_HK_PASSENGER_IN t where 1=1  and (PHONE in ('13416291195'))
[2016-09-23 13:53:11] TRACE - NodeRelationService#search:92 
dig sql:select * from T_WBZY_HK_PASSENGER_OUT t where 1=1  and (PHONE in ('13416291195'))
[2016-09-23 13:53:11] INFO  - GraphDBBFSSearcher#breadthFirstSearch:97 
job=cn.sinobest.policeunion.biz.gxwj.graph.search.service.impl.GraphDBBFSSearcher@586fb16d ; limitLevel=1
[2016-09-23 13:53:11] TRACE - NodeRelationService#search:92 
dig sql:select * from T_WBZY_HK_PASSENGER_IN t where 1=1  and (FOID in ('513031197602042777'))
[2016-09-23 13:53:11] TRACE - NodeRelationService#search:92 
dig sql:select * from T_WBZY_HK_PASSENGER_OUT t where 1=1  and (FOID in ('513031197602042777'))
[2016-09-23 13:53:11] TRACE - NodeRelationService#search:92 
dig sql:select * from B_YPGJ_YPKJ_AJBSHGX t where 1=1 and t.BSHLX = '001'  and (BSHID in ('513031197602042777'))
